<?xml version="1.0" encoding="utf-8"?><testsuites name="pytest tests"><testsuite name="pytest" errors="0" failures="1" skipped="2" tests="28" time="4.816" timestamp="2026-04-14T11:24:25.748979+00:00" hostname="agent-env-9e743957-f31c-4c17-be78-56abf375857b"><testcase classname="tests.test_bharggo_fashion_apis.TestHealthCheck" name="test_backend_is_running" time="0.316" /><testcase classname="tests.test_bharggo_fashion_apis.TestProductAPIs" name="test_get_categories" time="0.158" /><testcase classname="tests.test_bharggo_fashion_apis.TestProductAPIs" name="test_get_products" time="0.160" /><testcase classname="tests.test_bharggo_fashion_apis.TestProductAPIs" name="test_get_product_by_id" time="0.179" /><testcase classname="tests.test_bharggo_fashion_apis.TestProductAPIs" name="test_search_products" time="0.199" /><testcase classname="tests.test_bharggo_fashion_apis.TestProductAPIs" name="test_filter_by_category" time="0.179" /><testcase classname="tests.test_bharggo_fashion_apis.TestAuthenticationFlow" name="test_01_register_user1" time="0.215" /><testcase classname="tests.test_bharggo_fashion_apis.TestAuthenticationFlow" name="test_02_verify_otp_user1" time="0.000"><skipped type="pytest.skip" message="OTP verification requires manual OTP from logs">/app/backend/tests/test_bharggo_fashion_apis.py:137: OTP verification requires manual OTP from logs</skipped></testcase><testcase classname="tests.test_bharggo_fashion_apis.TestAuthenticationFlow" name="test_03_register_user2_with_referral" time="0.201" /><testcase classname="tests.test_bharggo_fashion_apis.TestAuthenticationFlow" name="test_04_login_existing_user" time="0.196" /><testcase classname="tests.test_bharggo_fashion_apis.TestAuthenticationFlow" name="test_05_resend_otp" time="0.200" /><testcase classname="tests.test_bharggo_fashion_apis.TestAuthenticationFlow" name="test_06_invalid_otp" time="0.164" /><testcase classname="tests.test_bharggo_fashion_apis.TestCartAPIs" name="test_get_cart_new_user" time="0.174" /><testcase classname="tests.test_bharggo_fashion_apis.TestCartAPIs" name="test_add_to_cart" time="0.157" /><testcase classname="tests.test_bharggo_fashion_apis.TestCartAPIs" name="test_get_cart_with_items" time="0.153" /><testcase classname="tests.test_bharggo_fashion_apis.TestCartAPIs" name="test_remove_from_cart" time="0.145" /><testcase classname="tests.test_bharggo_fashion_apis.TestCartAPIs" name="test_clear_cart" time="0.156" /><testcase classname="tests.test_bharggo_fashion_apis.TestWishlistAPIs" name="test_get_wishlist" time="0.142" /><testcase classname="tests.test_bharggo_fashion_apis.TestWishlistAPIs" name="test_add_to_wishlist" time="0.153" /><testcase classname="tests.test_bharggo_fashion_apis.TestWishlistAPIs" name="test_remove_from_wishlist" time="0.225" /><testcase classname="tests.test_bharggo_fashion_apis.TestOrderAPIs" name="test_create_order" time="0.191"><failure message="assert 404 == 200&#10; +  where 404 = &lt;Response [404]&gt;.status_code">tests/test_bharggo_fashion_apis.py:305: in test_create_order
    assert response.status_code == 200
E   assert 404 == 200
E    +  where 404 = &lt;Response [404]&gt;.status_code</failure></testcase><testcase classname="tests.test_bharggo_fashion_apis.TestOrderAPIs" name="test_get_user_orders" time="0.178" /><testcase classname="tests.test_bharggo_fashion_apis.TestOrderAPIs" name="test_get_specific_order" time="0.001"><skipped type="pytest.skip" message="No order ID available">/app/backend/tests/test_bharggo_fashion_apis.py:325: No order ID available</skipped></testcase><testcase classname="tests.test_bharggo_fashion_apis.TestWalletAPIs" name="test_get_wallet" time="0.146" /><testcase classname="tests.test_bharggo_fashion_apis.TestSubscriptionAPIs" name="test_subscribe_user" time="0.187" /><testcase classname="tests.test_bharggo_fashion_apis.TestUserProfileAPIs" name="test_get_user_profile" time="0.179" /><testcase classname="tests.test_bharggo_fashion_apis.TestUserProfileAPIs" name="test_get_user_referrals" time="0.135" /><testcase classname="tests.test_bharggo_fashion_apis" name="test_cleanup" time="0.000" /></testsuite></testsuites>